[INFO] Scanning for projects...
[INFO] 
[INFO] -------------------< se.kth.journal:search-service >--------------------
[INFO] Building search-service 1.0.0-SNAPSHOT
[INFO]   from pom.xml
[INFO] --------------------------------[ jar ]---------------------------------
[INFO] 
[INFO] --- quarkus:3.30.2:dev (default-cli) @ search-service ---
[INFO] Invoking resources:3.3.1:resources (default-resources) @ search-service
[INFO] Copying 1 resource from src/main/resources to target/classes
[INFO] Invoking quarkus:3.30.2:generate-code (default) @ search-service
[INFO] Invoking compiler:3.14.1:compile (default-compile) @ search-service
[INFO] Nothing to compile - all classes are up to date.
[INFO] Invoking resources:3.3.1:testResources (default-testResources) @ search-service
[INFO] skip non existing resourceDirectory /Users/a3/Documents/journal-system/search-service/src/test/resources
[INFO] Invoking quarkus:3.30.2:generate-code-tests (default) @ search-service
[INFO] Invoking compiler:3.14.1:testCompile (default-testCompile) @ search-service
[INFO] Nothing to compile - all classes are up to date.
Listening for transport dt_socket at address: 5005
Press [e] to edit command line args (currently ''), [h] for more options>
Tests paused
Press [e] to edit command line args (currently ''), [r] to resume testing, [h] for more options>
Press [e] to edit command line args (currently ''), [r] to resume testing, [h] for more options>
Press [e] to edit command line args (currently ''), [r] to resume testing, [o] Toggle test output, [h] for more options>
__  ____  __  _____   ___  __ ____  ______ 
 --/ __ \/ / / / _ | / _ \/ //_/ / / / __/ 
 -/ /_/ / /_/ / __ |/ , _/ ,< / /_/ /\ \   
--\___\_\____/_/ |_/_/|_/_/|_|\____/___/   
2025-12-05 20:57:54,550 INFO  [io.quarkus] (Quarkus Main Thread) search-service 1.0.0-SNAPSHOT on JVM (powered by Quarkus 3.30.2) started in 4.086s. Listening on: http://localhost:8086
2025-12-05 20:57:54,552 INFO  [io.quarkus] (Quarkus Main Thread) Profile dev activated. Live Coding activated.
2025-12-05 20:57:54,552 INFO  [io.quarkus] (Quarkus Main Thread) Installed features: [cdi, rest, rest-client, rest-client-jackson, rest-jackson, smallrye-context-propagation, vertx]
2025-12-06 00:55:14,316 INFO  [io.quarkus.deployment.dev.RuntimeUpdatesProcessor] (vert.x-worker-thread-1) File change detected: /Users/a3/Documents/journal-system/search-service/src/main/resources/application.properties
2025-12-06 00:55:14,327 INFO  [io.quarkus.deployment.dev.RuntimeUpdatesProcessor] (vert.x-worker-thread-1) Restarting quarkus due to changes in application.properties, JournalClient.class, MyRemoteService.class, PatientSearchController.class, PatientDTO.class.
2025-12-06 00:55:14,369 INFO  [io.quarkus] (Quarkus Main Thread) search-service stopped in 0.020s
__  ____  __  _____   ___  __ ____  ______ 
 --/ __ \/ / / / _ | / _ \/ //_/ / / / __/ 
 -/ /_/ / /_/ / __ |/ , _/ ,< / /_/ /\ \   
--\___\_\____/_/ |_/_/|_/_/|_|\____/___/   
2025-12-06 00:55:14,924 INFO  [io.quarkus] (Quarkus Main Thread) search-service 1.0.0-SNAPSHOT on JVM (powered by Quarkus 3.30.2) started in 0.546s. Listening on: http://localhost:8086
2025-12-06 00:55:14,925 INFO  [io.quarkus] (Quarkus Main Thread) Profile dev activated. Live Coding activated.
2025-12-06 00:55:14,925 INFO  [io.quarkus] (Quarkus Main Thread) Installed features: [cdi, rest, rest-client, rest-client-jackson, rest-jackson, smallrye-context-propagation, vertx]
2025-12-06 00:55:14,925 INFO  [io.quarkus.deployment.dev.RuntimeUpdatesProcessor] (vert.x-worker-thread-1) Live reload total time: 1.724s 
[INFO] Restarting dev mode following changes in /Users/a3/Documents/journal-system/search-service/pom.xml
2025-12-06 16:03:10,791 INFO  [io.quarkus] (Shutdown thread) search-service stopped in 0.172s
Press [e] to edit command line args (currently ''), [h] for more options>
[INFO] Invoking resources:3.3.1:resources (default-resources) @ search-service
[INFO] Copying 1 resource from src/main/resources to target/classes
[INFO] Invoking quarkus:3.30.2:generate-code (default) @ search-service
[INFO] Invoking compiler:3.14.1:compile (default-compile) @ search-service
[INFO] Recompiling the module because of changed source code.
[INFO] Compiling 7 source files with javac [debug parameters release 21] to target/classes
[INFO] -------------------------------------------------------------
[ERROR] COMPILATION ERROR : 
[INFO] -------------------------------------------------------------
[ERROR] /Users/a3/Documents/journal-system/search-service/src/main/java/se/kth/journal/search/controller/PatientSearchController.java:[12,2] cannot find symbol
  symbol: class CrossOrigin
[INFO] 1 error
[INFO] -------------------------------------------------------------
[INFO] Could not load changedPoms pom.xml file, changes not applied
org.apache.maven.plugin.MojoExecutionException: Unable to execute mojo
    at org.twdata.maven.mojoexecutor.MojoExecutor.executeMojo (MojoExecutor.java:122)
    at io.quarkus.maven.DevMojo.executeGoal (DevMojo.java:891)
    at io.quarkus.maven.DevMojo.handleAutoCompile (DevMojo.java:815)
    at io.quarkus.maven.DevMojo.execute (DevMojo.java:581)
    at org.apache.maven.plugin.DefaultBuildPluginManager.executeMojo (DefaultBuildPluginManager.java:126)
    at org.apache.maven.lifecycle.internal.MojoExecutor.doExecute2 (MojoExecutor.java:328)
    at org.apache.maven.lifecycle.internal.MojoExecutor.doExecute (MojoExecutor.java:316)
    at org.apache.maven.lifecycle.internal.MojoExecutor.execute (MojoExecutor.java:212)
    at org.apache.maven.lifecycle.internal.MojoExecutor.execute (MojoExecutor.java:174)
    at org.apache.maven.lifecycle.internal.MojoExecutor.access$000 (MojoExecutor.java:75)
    at org.apache.maven.lifecycle.internal.MojoExecutor$1.run (MojoExecutor.java:162)
    at org.apache.maven.plugin.DefaultMojosExecutionStrategy.execute (DefaultMojosExecutionStrategy.java:39)
    at org.apache.maven.lifecycle.internal.MojoExecutor.execute (MojoExecutor.java:159)
    at org.apache.maven.lifecycle.internal.LifecycleModuleBuilder.buildProject (LifecycleModuleBuilder.java:105)
    at org.apache.maven.lifecycle.internal.LifecycleModuleBuilder.buildProject (LifecycleModuleBuilder.java:73)
    at org.apache.maven.lifecycle.internal.builder.singlethreaded.SingleThreadedBuilder.build (SingleThreadedBuilder.java:53)
    at org.apache.maven.lifecycle.internal.LifecycleStarter.execute (LifecycleStarter.java:118)
    at org.apache.maven.DefaultMaven.doExecute (DefaultMaven.java:261)
    at org.apache.maven.DefaultMaven.doExecute (DefaultMaven.java:173)
    at org.apache.maven.DefaultMaven.execute (DefaultMaven.java:101)
    at org.apache.maven.cli.MavenCli.execute (MavenCli.java:906)
    at org.apache.maven.cli.MavenCli.doMain (MavenCli.java:283)
    at org.apache.maven.cli.MavenCli.main (MavenCli.java:206)
    at jdk.internal.reflect.DirectMethodHandleAccessor.invoke (DirectMethodHandleAccessor.java:103)
    at java.lang.reflect.Method.invoke (Method.java:580)
    at org.codehaus.plexus.classworlds.launcher.Launcher.launchEnhanced (Launcher.java:255)
    at org.codehaus.plexus.classworlds.launcher.Launcher.launch (Launcher.java:201)
    at org.codehaus.plexus.classworlds.launcher.Launcher.mainWithExitCode (Launcher.java:361)
    at org.codehaus.plexus.classworlds.launcher.Launcher.main (Launcher.java:314)
Caused by: org.apache.maven.plugin.compiler.CompilationFailureException: Compilation failure
/Users/a3/Documents/journal-system/search-service/src/main/java/se/kth/journal/search/controller/PatientSearchController.java:[12,2] cannot find symbol
  symbol: class CrossOrigin

    at org.apache.maven.plugin.compiler.AbstractCompilerMojo.executeReal (AbstractCompilerMojo.java:1318)
    at org.apache.maven.plugin.compiler.AbstractCompilerMojo.execute (AbstractCompilerMojo.java:708)
    at org.apache.maven.plugin.compiler.CompilerMojo.execute (CompilerMojo.java:235)
    at org.apache.maven.plugin.DefaultBuildPluginManager.executeMojo (DefaultBuildPluginManager.java:126)
    at org.twdata.maven.mojoexecutor.MojoExecutor.executeMojo (MojoExecutor.java:120)
    at io.quarkus.maven.DevMojo.executeGoal (DevMojo.java:891)
    at io.quarkus.maven.DevMojo.handleAutoCompile (DevMojo.java:815)
    at io.quarkus.maven.DevMojo.execute (DevMojo.java:581)
    at org.apache.maven.plugin.DefaultBuildPluginManager.executeMojo (DefaultBuildPluginManager.java:126)
    at org.apache.maven.lifecycle.internal.MojoExecutor.doExecute2 (MojoExecutor.java:328)
    at org.apache.maven.lifecycle.internal.MojoExecutor.doExecute (MojoExecutor.java:316)
    at org.apache.maven.lifecycle.internal.MojoExecutor.execute (MojoExecutor.java:212)
    at org.apache.maven.lifecycle.internal.MojoExecutor.execute (MojoExecutor.java:174)
    at org.apache.maven.lifecycle.internal.MojoExecutor.access$000 (MojoExecutor.java:75)
    at org.apache.maven.lifecycle.internal.MojoExecutor$1.run (MojoExecutor.java:162)
    at org.apache.maven.plugin.DefaultMojosExecutionStrategy.execute (DefaultMojosExecutionStrategy.java:39)
    at org.apache.maven.lifecycle.internal.MojoExecutor.execute (MojoExecutor.java:159)
    at org.apache.maven.lifecycle.internal.LifecycleModuleBuilder.buildProject (LifecycleModuleBuilder.java:105)
    at org.apache.maven.lifecycle.internal.LifecycleModuleBuilder.buildProject (LifecycleModuleBuilder.java:73)
    at org.apache.maven.lifecycle.internal.builder.singlethreaded.SingleThreadedBuilder.build (SingleThreadedBuilder.java:53)
    at org.apache.maven.lifecycle.internal.LifecycleStarter.execute (LifecycleStarter.java:118)
    at org.apache.maven.DefaultMaven.doExecute (DefaultMaven.java:261)
    at org.apache.maven.DefaultMaven.doExecute (DefaultMaven.java:173)
    at org.apache.maven.DefaultMaven.execute (DefaultMaven.java:101)
    at org.apache.maven.cli.MavenCli.execute (MavenCli.java:906)
    at org.apache.maven.cli.MavenCli.doMain (MavenCli.java:283)
    at org.apache.maven.cli.MavenCli.main (MavenCli.java:206)
    at jdk.internal.reflect.DirectMethodHandleAccessor.invoke (DirectMethodHandleAccessor.java:103)
    at java.lang.reflect.Method.invoke (Method.java:580)
    at org.codehaus.plexus.classworlds.launcher.Launcher.launchEnhanced (Launcher.java:255)
    at org.codehaus.plexus.classworlds.launcher.Launcher.launch (Launcher.java:201)
    at org.codehaus.plexus.classworlds.launcher.Launcher.mainWithExitCode (Launcher.java:361)
    at org.codehaus.plexus.classworlds.launcher.Launcher.main (Launcher.java:314)
[INFO] ------------------------------------------------------------------------
[INFO] BUILD FAILURE
[INFO] ------------------------------------------------------------------------
[INFO] Total time:  19:05 h
[INFO] Finished at: 2025-12-06T16:03:31+01:00
[INFO] ------------------------------------------------------------------------
[ERROR] Failed to execute goal io.quarkus.platform:quarkus-maven-plugin:3.30.2:dev (default-cli) on project search-service: Failed to run: Dev mode process did not complete successfully -> [Help 1]
[ERROR] 
[ERROR] To see the full stack trace of the errors, re-run Maven with the -e switch.
[ERROR] Re-run Maven using the -X switch to enable full debug logging.
[ERROR] 
[ERROR] For more information about the errors and possible solutions, please read the following articles:
[ERROR] [Help 1] http://cwiki.apache.org/confluence/display/MAVEN/MojoFailureException
